# JRE version: OpenJDK Runtime Environment (8.0_202) (build 1.8.0_202-release-1483-b49-5587405)
# Java VM: OpenJDK 64-Bit Server VM (25.202-b49-5587405 mixed mode linux-amd64 compressed oops)
Heap:
 PSYoungGen      total 67584K, used 39158K [0x00000000e0000000, 0x00000000e9100000, 0x0000000100000000)
  eden space 62464K, 62% used [0x00000000e0000000,0x00000000e263da90,0x00000000e3d00000)
  from space 5120K, 0% used [0x00000000e3d00000,0x00000000e3d00000,0x00000000e4200000)
  to   space 11776K, 0% used [0x00000000e8580000,0x00000000e8580000,0x00000000e9100000)
 ParOldGen       total 62464K, used 10700K [0x00000000a0000000, 0x00000000a3d00000, 0x00000000e0000000)
  object space 62464K, 17% used [0x00000000a0000000,0x00000000a0a73340,0x00000000a3d00000)
 Metaspace       used 27223K, capacity 27732K, committed 27904K, reserved 1073152K
  class space    used 3658K, capacity 3834K, committed 3840K, reserved 1048576K
GC Heap History (10 events):
Event: 1,460 GC heap before
{Heap before GC invocations=2 (full 0):
 PSYoungGen      total 36352K, used 35223K [0x00000000e0000000, 0x00000000e2880000, 0x0000000100000000)
  eden space 31232K, 100% used [0x00000000e0000000,0x00000000e1e80000,0x00000000e1e80000)
  from space 5120K, 77% used [0x00000000e1e80000,0x00000000e2265c00,0x00000000e2380000)
  to   space 5120K, 0% used [0x00000000e2380000,0x00000000e2380000,0x00000000e2880000)
 ParOldGen       total 83456K, used 8K [0x00000000a0000000, 0x00000000a5180000, 0x00000000e0000000)
  object space 83456K, 0% used [0x00000000a0000000,0x00000000a0002000,0x00000000a5180000)
 Metaspace       used 8813K, capacity 9036K, committed 9216K, reserved 1056768K
  class space    used 1156K, capacity 1222K, committed 1280K, reserved 1048576K
Event: 1,472 GC heap after
Heap after GC invocations=2 (full 0):
 PSYoungGen      total 36352K, used 4324K [0x00000000e0000000, 0x00000000e4700000, 0x0000000100000000)
  eden space 31232K, 0% used [0x00000000e0000000,0x00000000e0000000,0x00000000e1e80000)
  from space 5120K, 84% used [0x00000000e2380000,0x00000000e27b93d8,0x00000000e2880000)
  to   space 5120K, 0% used [0x00000000e1e80000,0x00000000e1e80000,0x00000000e2380000)
 ParOldGen       total 83456K, used 16K [0x00000000a0000000, 0x00000000a5180000, 0x00000000e0000000)
  object space 83456K, 0% used [0x00000000a0000000,0x00000000a0004000,0x00000000a5180000)
 Metaspace       used 8813K, capacity 9036K, committed 9216K, reserved 1056768K
  class space    used 1156K, capacity 1222K, committed 1280K, reserved 1048576K
}
Event: 2,165 GC heap before
{Heap before GC invocations=3 (full 0):
 PSYoungGen      total 36352K, used 35556K [0x00000000e0000000, 0x00000000e4700000, 0x0000000100000000)
  eden space 31232K, 100% used [0x00000000e0000000,0x00000000e1e80000,0x00000000e1e80000)
  from space 5120K, 84% used [0x00000000e2380000,0x00000000e27b93d8,0x00000000e2880000)
  to   space 5120K, 0% used [0x00000000e1e80000,0x00000000e1e80000,0x00000000e2380000)
 ParOldGen       total 83456K, used 16K [0x00000000a0000000, 0x00000000a5180000, 0x00000000e0000000)
  object space 83456K, 0% used [0x00000000a0000000,0x00000000a0004000,0x00000000a5180000)
 Metaspace       used 12826K, capacity 13208K, committed 13568K, reserved 1060864K
  class space    used 1781K, capacity 1932K, committed 2048K, reserved 1048576K
Event: 2,183 GC heap after
Heap after GC invocations=3 (full 0):
 PSYoungGen      total 36352K, used 5106K [0x00000000e0000000, 0x00000000e4700000, 0x0000000100000000)
  eden space 31232K, 0% used [0x00000000e0000000,0x00000000e0000000,0x00000000e1e80000)
  from space 5120K, 99% used [0x00000000e1e80000,0x00000000e237ca80,0x00000000e2380000)
  to   space 5120K, 0% used [0x00000000e4200000,0x00000000e4200000,0x00000000e4700000)
 ParOldGen       total 83456K, used 1629K [0x00000000a0000000, 0x00000000a5180000, 0x00000000e0000000)
  object space 83456K, 1% used [0x00000000a0000000,0x00000000a0197740,0x00000000a5180000)
 Metaspace       used 12826K, capacity 13208K, committed 13568K, reserved 1060864K
  class space    used 1781K, capacity 1932K, committed 2048K, reserved 1048576K
}
Event: 2,771 GC heap before
{Heap before GC invocations=4 (full 0):
 PSYoungGen      total 36352K, used 36338K [0x00000000e0000000, 0x00000000e4700000, 0x0000000100000000)
  eden space 31232K, 100% used [0x00000000e0000000,0x00000000e1e80000,0x00000000e1e80000)
  from space 5120K, 99% used [0x00000000e1e80000,0x00000000e237ca80,0x00000000e2380000)
  to   space 5120K, 0% used [0x00000000e4200000,0x00000000e4200000,0x00000000e4700000)
 ParOldGen       total 83456K, used 1629K [0x00000000a0000000, 0x00000000a5180000, 0x00000000e0000000)
  object space 83456K, 1% used [0x00000000a0000000,0x00000000a0197740,0x00000000a5180000)
 Metaspace       used 15454K, capacity 15816K, committed 16000K, reserved 1062912K
  class space    used 2213K, capacity 2358K, committed 2432K, reserved 1048576K
Event: 2,795 GC heap after
Heap after GC invocations=4 (full 0):
 PSYoungGen      total 67584K, used 5104K [0x00000000e0000000, 0x00000000e4700000, 0x0000000100000000)
  eden space 62464K, 0% used [0x00000000e0000000,0x00000000e0000000,0x00000000e3d00000)
  from space 5120K, 99% used [0x00000000e4200000,0x00000000e46fc040,0x00000000e4700000)
  to   space 5120K, 0% used [0x00000000e3d00000,0x00000000e3d00000,0x00000000e4200000)
 ParOldGen       total 83456K, used 4279K [0x00000000a0000000, 0x00000000a5180000, 0x00000000e0000000)
  object space 83456K, 5% used [0x00000000a0000000,0x00000000a042df08,0x00000000a5180000)
 Metaspace       used 15454K, capacity 15816K, committed 16000K, reserved 1062912K
  class space    used 2213K, capacity 2358K, committed 2432K, reserved 1048576K
}
Event: 4,586 GC heap before
{Heap before GC invocations=5 (full 0):
 PSYoungGen      total 67584K, used 56803K [0x00000000e0000000, 0x00000000e4700000, 0x0000000100000000)
  eden space 62464K, 82% used [0x00000000e0000000,0x00000000e327cd80,0x00000000e3d00000)
  from space 5120K, 99% used [0x00000000e4200000,0x00000000e46fc040,0x00000000e4700000)
  to   space 5120K, 0% used [0x00000000e3d00000,0x00000000e3d00000,0x00000000e4200000)
 ParOldGen       total 83456K, used 4279K [0x00000000a0000000, 0x00000000a5180000, 0x00000000e0000000)
  object space 83456K, 5% used [0x00000000a0000000,0x00000000a042df08,0x00000000a5180000)
 Metaspace       used 20766K, capacity 21188K, committed 21296K, reserved 1067008K
  class space    used 3004K, capacity 3152K, committed 3200K, reserved 1048576K
Event: 4,611 GC heap after
Heap after GC invocations=5 (full 0):
 PSYoungGen      total 67584K, used 5108K [0x00000000e0000000, 0x00000000e9100000, 0x0000000100000000)
  eden space 62464K, 0% used [0x00000000e0000000,0x00000000e0000000,0x00000000e3d00000)
  from space 5120K, 99% used [0x00000000e3d00000,0x00000000e41fd070,0x00000000e4200000)
  to   space 11776K, 0% used [0x00000000e8580000,0x00000000e8580000,0x00000000e9100000)
 ParOldGen       total 83456K, used 10089K [0x00000000a0000000, 0x00000000a5180000, 0x00000000e0000000)
  object space 83456K, 12% used [0x00000000a0000000,0x00000000a09da6d8,0x00000000a5180000)
 Metaspace       used 20766K, capacity 21188K, committed 21296K, reserved 1067008K
  class space    used 3004K, capacity 3152K, committed 3200K, reserved 1048576K
}
Event: 4,611 GC heap before
{Heap before GC invocations=6 (full 1):
 PSYoungGen      total 67584K, used 5108K [0x00000000e0000000, 0x00000000e9100000, 0x0000000100000000)
  eden space 62464K, 0% used [0x00000000e0000000,0x00000000e0000000,0x00000000e3d00000)
  from space 5120K, 99% used [0x00000000e3d00000,0x00000000e41fd070,0x00000000e4200000)
  to   space 11776K, 0% used [0x00000000e8580000,0x00000000e8580000,0x00000000e9100000)
 ParOldGen       total 83456K, used 10089K [0x00000000a0000000, 0x00000000a5180000, 0x00000000e0000000)
  object space 83456K, 12% used [0x00000000a0000000,0x00000000a09da6d8,0x00000000a5180000)
 Metaspace       used 20766K, capacity 21188K, committed 21296K, reserved 1067008K
  class space    used 3004K, capacity 3152K, committed 3200K, reserved 1048576K
Event: 4,691 GC heap after
Heap after GC invocations=6 (full 1):
 PSYoungGen      total 67584K, used 0K [0x00000000e0000000, 0x00000000e9100000, 0x0000000100000000)
  eden space 62464K, 0% used [0x00000000e0000000,0x00000000e0000000,0x00000000e3d00000)
  from space 5120K, 0% used [0x00000000e3d00000,0x00000000e3d00000,0x00000000e4200000)
  to   space 11776K, 0% used [0x00000000e8580000,0x00000000e8580000,0x00000000e9100000)
 ParOldGen       total 62464K, used 10700K [0x00000000a0000000, 0x00000000a3d00000, 0x00000000e0000000)
  object space 62464K, 17% used [0x00000000a0000000,0x00000000a0a73340,0x00000000a3d00000)
 Metaspace       used 20766K, capacity 21188K, committed 21296K, reserved 1067008K
  class space    used 3004K, capacity 3152K, committed 3200K, reserved 1048576K
}

